<?xml version="1.0" encoding="UTF-8"?>
<coverage generated="1651513861315" clover="3.2.0">
  <project timestamp="1651513861315" name="All files">
    <metrics statements="18" coveredstatements="11" conditionals="4" coveredconditionals="0" methods="6" coveredmethods="2" elements="28" coveredelements="13" complexity="0" loc="18" ncloc="18" packages="3" files="8" classes="8"/>
    <package name="utils">
      <metrics statements="1" coveredstatements="1" conditionals="0" coveredconditionals="0" methods="0" coveredmethods="0"/>
      <file name="index.ts" path="C:\Users\l1vra\Documents\personal\challenges\todolistapp\src\utils\index.ts">
        <metrics statements="1" coveredstatements="1" conditionals="0" coveredconditionals="0" methods="0" coveredmethods="0"/>
        <line num="25" count="1" type="stmt"/>
      </file>
    </package>
    <package name="utils.constants">
      <metrics statements="5" coveredstatements="5" conditionals="0" coveredconditionals="0" methods="0" coveredmethods="0"/>
      <file name="dimensions.ts" path="C:\Users\l1vra\Documents\personal\challenges\todolistapp\src\utils\constants\dimensions.ts">
        <metrics statements="2" coveredstatements="2" conditionals="0" coveredconditionals="0" methods="0" coveredmethods="0"/>
        <line num="3" count="1" type="stmt"/>
        <line num="5" count="1" type="stmt"/>
      </file>
      <file name="strings.ts" path="C:\Users\l1vra\Documents\personal\challenges\todolistapp\src\utils\constants\strings.ts">
        <metrics statements="0" coveredstatements="0" conditionals="0" coveredconditionals="0" methods="0" coveredmethods="0"/>
      </file>
      <file name="theme.ts" path="C:\Users\l1vra\Documents\personal\challenges\todolistapp\src\utils\constants\theme.ts">
        <metrics statements="3" coveredstatements="3" conditionals="0" coveredconditionals="0" methods="0" coveredmethods="0"/>
        <line num="1" count="1" type="stmt"/>
        <line num="9" count="1" type="stmt"/>
        <line num="28" count="1" type="stmt"/>
      </file>
      <file name="types.ts" path="C:\Users\l1vra\Documents\personal\challenges\todolistapp\src\utils\constants\types.ts">
        <metrics statements="0" coveredstatements="0" conditionals="0" coveredconditionals="0" methods="0" coveredmethods="0"/>
      </file>
    </package>
    <package name="utils.helpers">
      <metrics statements="12" coveredstatements="5" conditionals="4" coveredconditionals="0" methods="6" coveredmethods="2"/>
      <file name="filterListByItem.ts" path="C:\Users\l1vra\Documents\personal\challenges\todolistapp\src\utils\helpers\filterListByItem.ts">
        <metrics statements="3" coveredstatements="3" conditionals="0" coveredconditionals="0" methods="2" coveredmethods="2"/>
        <line num="3" count="1" type="stmt"/>
        <line num="4" count="7" type="stmt"/>
        <line num="5" count="1" type="stmt"/>
      </file>
      <file name="findItemByText.ts" path="C:\Users\l1vra\Documents\personal\challenges\todolistapp\src\utils\helpers\findItemByText.ts">
        <metrics statements="3" coveredstatements="1" conditionals="2" coveredconditionals="0" methods="2" coveredmethods="0"/>
        <line num="3" count="1" type="stmt"/>
        <line num="4" count="0" type="cond" truecount="0" falsecount="2"/>
        <line num="5" count="0" type="stmt"/>
      </file>
      <file name="modifyItemType.ts" path="C:\Users\l1vra\Documents\personal\challenges\todolistapp\src\utils\helpers\modifyItemType.ts">
        <metrics statements="6" coveredstatements="1" conditionals="2" coveredconditionals="0" methods="2" coveredmethods="0"/>
        <line num="3" count="1" type="stmt"/>
        <line num="4" count="0" type="stmt"/>
        <line num="5" count="0" type="stmt"/>
        <line num="6" count="0" type="cond" truecount="0" falsecount="2"/>
        <line num="7" count="0" type="stmt"/>
        <line num="8" count="0" type="stmt"/>
      </file>
    </package>
  </project>
</coverage>
