{"C:\\Users\\l1vra\\Documents\\personal\\challenges\\todolistapp\\src\\assets\\index.ts": {"path":"C:\\Users\\l1vra\\Documents\\personal\\challenges\\todolistapp\\src\\assets\\index.ts","statementMap":{},"fnMap":{},"branchMap":{},"s":{},"f":{},"b":{},"_coverageSchema":"1a1c01bbd47fc00a2c39e90264f33305004495a9","hash":"aaf261bc578f5995000056026c1e7282bff48139"}
,"C:\\Users\\l1vra\\Documents\\personal\\challenges\\todolistapp\\src\\assets\\icons\\favicon.png": {"path":"C:\\Users\\l1vra\\Documents\\personal\\challenges\\todolistapp\\src\\assets\\icons\\favicon.png","statementMap":{"0":{"start":{"line":1,"column":0},"end":{"line":1,"column":19}}},"fnMap":{},"branchMap":{},"s":{"0":1},"f":{},"b":{},"inputSourceMap":null,"_coverageSchema":"1a1c01bbd47fc00a2c39e90264f33305004495a9","hash":"68070691b4d18e94b18743c0070e0b92b7ac906a"}
,"C:\\Users\\l1vra\\Documents\\personal\\challenges\\todolistapp\\src\\assets\\images\\bg-desktop-dark.jpg": {"path":"C:\\Users\\l1vra\\Documents\\personal\\challenges\\todolistapp\\src\\assets\\images\\bg-desktop-dark.jpg","statementMap":{"0":{"start":{"line":1,"column":0},"end":{"line":1,"column":19}}},"fnMap":{},"branchMap":{},"s":{"0":1},"f":{},"b":{},"inputSourceMap":null,"_coverageSchema":"1a1c01bbd47fc00a2c39e90264f33305004495a9","hash":"3eb2a67959746f638d0aa907276f68bfa1ae149f"}
,"C:\\Users\\l1vra\\Documents\\personal\\challenges\\todolistapp\\src\\assets\\images\\bg-desktop-light.jpg": {"path":"C:\\Users\\l1vra\\Documents\\personal\\challenges\\todolistapp\\src\\assets\\images\\bg-desktop-light.jpg","statementMap":{"0":{"start":{"line":1,"column":0},"end":{"line":1,"column":19}}},"fnMap":{},"branchMap":{},"s":{"0":1},"f":{},"b":{},"inputSourceMap":null,"_coverageSchema":"1a1c01bbd47fc00a2c39e90264f33305004495a9","hash":"8d2e1a41240d955c62bf3dda95cbfbbea26d388f"}
,"C:\\Users\\l1vra\\Documents\\personal\\challenges\\todolistapp\\src\\assets\\images\\bg-mobile-dark.jpg": {"path":"C:\\Users\\l1vra\\Documents\\personal\\challenges\\todolistapp\\src\\assets\\images\\bg-mobile-dark.jpg","statementMap":{"0":{"start":{"line":1,"column":0},"end":{"line":1,"column":19}}},"fnMap":{},"branchMap":{},"s":{"0":1},"f":{},"b":{},"inputSourceMap":null,"_coverageSchema":"1a1c01bbd47fc00a2c39e90264f33305004495a9","hash":"501fef0bca0b55f1f3e03b33d5aeb9db32d5fc45"}
,"C:\\Users\\l1vra\\Documents\\personal\\challenges\\todolistapp\\src\\assets\\images\\bg-mobile-light.jpg": {"path":"C:\\Users\\l1vra\\Documents\\personal\\challenges\\todolistapp\\src\\assets\\images\\bg-mobile-light.jpg","statementMap":{"0":{"start":{"line":1,"column":0},"end":{"line":1,"column":19}}},"fnMap":{},"branchMap":{},"s":{"0":1},"f":{},"b":{},"inputSourceMap":null,"_coverageSchema":"1a1c01bbd47fc00a2c39e90264f33305004495a9","hash":"9287ee84f590ef9a3411e9befc4c7694356a5e55"}
,"C:\\Users\\l1vra\\Documents\\personal\\challenges\\todolistapp\\src\\components\\RadioButton.tsx": {"path":"C:\\Users\\l1vra\\Documents\\personal\\challenges\\todolistapp\\src\\components\\RadioButton.tsx","statementMap":{"0":{"start":{"line":14,"column":31},"end":{"line":31,"column":1}},"1":{"start":{"line":15,"column":67},"end":{"line":15,"column":72}},"2":{"start":{"line":17,"column":22},"end":{"line":17,"column":48}},"3":{"start":{"line":17,"column":28},"end":{"line":17,"column":48}},"4":{"start":{"line":19,"column":2},"end":{"line":30,"column":4}},"5":{"start":{"line":35,"column":15},"end":{"line":44,"column":2}}},"fnMap":{"0":{"name":"(anonymous_0)","decl":{"start":{"line":14,"column":31},"end":{"line":14,"column":32}},"loc":{"start":{"line":14,"column":55},"end":{"line":31,"column":1}},"line":14},"1":{"name":"(anonymous_1)","decl":{"start":{"line":17,"column":22},"end":{"line":17,"column":23}},"loc":{"start":{"line":17,"column":28},"end":{"line":17,"column":48}},"line":17}},"branchMap":{"0":{"loc":{"start":{"line":22,"column":8},"end":{"line":24,"column":57}},"type":"cond-expr","locations":[{"start":{"line":23,"column":12},"end":{"line":23,"column":88}},{"start":{"line":24,"column":12},"end":{"line":24,"column":57}}],"line":22},"1":{"loc":{"start":{"line":28,"column":7},"end":{"line":28,"column":48}},"type":"binary-expr","locations":[{"start":{"line":28,"column":7},"end":{"line":28,"column":31}},{"start":{"line":28,"column":35},"end":{"line":28,"column":48}}],"line":28}},"s":{"0":1,"1":3,"2":3,"3":0,"4":3,"5":1},"f":{"0":3,"1":0},"b":{"0":[2,1],"1":[3,2]},"_coverageSchema":"1a1c01bbd47fc00a2c39e90264f33305004495a9","hash":"737d08caaaf2c82ddaca3c9798cfcc22c511c1fd"}
,"C:\\Users\\l1vra\\Documents\\personal\\challenges\\todolistapp\\src\\components\\Icons\\checkIcon.tsx": {"path":"C:\\Users\\l1vra\\Documents\\personal\\challenges\\todolistapp\\src\\components\\Icons\\checkIcon.tsx","statementMap":{"0":{"start":{"line":4,"column":28},"end":{"line":8,"column":1}},"1":{"start":{"line":5,"column":2},"end":{"line":7,"column":8}}},"fnMap":{"0":{"name":"(anonymous_0)","decl":{"start":{"line":4,"column":28},"end":{"line":4,"column":29}},"loc":{"start":{"line":5,"column":2},"end":{"line":7,"column":8}},"line":5}},"branchMap":{},"s":{"0":1,"1":2},"f":{"0":2},"b":{},"_coverageSchema":"1a1c01bbd47fc00a2c39e90264f33305004495a9","hash":"e61604342ebb1d30fe3254d0b12054b0701e2be6"}
,"C:\\Users\\l1vra\\Documents\\personal\\challenges\\todolistapp\\src\\components\\Icons\\crossIcon.tsx": {"path":"C:\\Users\\l1vra\\Documents\\personal\\challenges\\todolistapp\\src\\components\\Icons\\crossIcon.tsx","statementMap":{"0":{"start":{"line":4,"column":28},"end":{"line":12,"column":1}},"1":{"start":{"line":5,"column":2},"end":{"line":11,"column":8}}},"fnMap":{"0":{"name":"(anonymous_0)","decl":{"start":{"line":4,"column":28},"end":{"line":4,"column":29}},"loc":{"start":{"line":5,"column":2},"end":{"line":11,"column":8}},"line":5}},"branchMap":{},"s":{"0":1,"1":0},"f":{"0":0},"b":{},"_coverageSchema":"1a1c01bbd47fc00a2c39e90264f33305004495a9","hash":"b3bac9cfd48fb2581ed28b68f6af9d63f7465457"}
,"C:\\Users\\l1vra\\Documents\\personal\\challenges\\todolistapp\\src\\components\\Icons\\moonIcon.tsx": {"path":"C:\\Users\\l1vra\\Documents\\personal\\challenges\\todolistapp\\src\\components\\Icons\\moonIcon.tsx","statementMap":{"0":{"start":{"line":4,"column":27},"end":{"line":12,"column":1}},"1":{"start":{"line":5,"column":2},"end":{"line":11,"column":8}}},"fnMap":{"0":{"name":"(anonymous_0)","decl":{"start":{"line":4,"column":27},"end":{"line":4,"column":28}},"loc":{"start":{"line":5,"column":2},"end":{"line":11,"column":8}},"line":5}},"branchMap":{},"s":{"0":1,"1":0},"f":{"0":0},"b":{},"_coverageSchema":"1a1c01bbd47fc00a2c39e90264f33305004495a9","hash":"d0d094b2a3fba9172e25f408959822b8618290f1"}
,"C:\\Users\\l1vra\\Documents\\personal\\challenges\\todolistapp\\src\\components\\Icons\\sunIcon.tsx": {"path":"C:\\Users\\l1vra\\Documents\\personal\\challenges\\todolistapp\\src\\components\\Icons\\sunIcon.tsx","statementMap":{"0":{"start":{"line":4,"column":26},"end":{"line":12,"column":1}},"1":{"start":{"line":5,"column":2},"end":{"line":11,"column":8}}},"fnMap":{"0":{"name":"(anonymous_0)","decl":{"start":{"line":4,"column":26},"end":{"line":4,"column":27}},"loc":{"start":{"line":5,"column":2},"end":{"line":11,"column":8}},"line":5}},"branchMap":{},"s":{"0":1,"1":0},"f":{"0":0},"b":{},"_coverageSchema":"1a1c01bbd47fc00a2c39e90264f33305004495a9","hash":"2c46374738dac9c8133886752dd12ab28e131dba"}
,"C:\\Users\\l1vra\\Documents\\personal\\challenges\\todolistapp\\src\\containers\\CreateItem.tsx": {"path":"C:\\Users\\l1vra\\Documents\\personal\\challenges\\todolistapp\\src\\containers\\CreateItem.tsx","statementMap":{"0":{"start":{"line":11,"column":36},"end":{"line":81,"column":1}},"1":{"start":{"line":12,"column":32},"end":{"line":12,"column":81}},"2":{"start":{"line":13,"column":32},"end":{"line":13,"column":69}},"3":{"start":{"line":14,"column":20},"end":{"line":14,"column":30}},"4":{"start":{"line":16,"column":19},"end":{"line":16,"column":42}},"5":{"start":{"line":18,"column":2},"end":{"line":25,"column":9}},"6":{"start":{"line":19,"column":36},"end":{"line":21,"column":6}},"7":{"start":{"line":20,"column":6},"end":{"line":20,"column":30}},"8":{"start":{"line":22,"column":4},"end":{"line":24,"column":6}},"9":{"start":{"line":23,"column":6},"end":{"line":23,"column":39}},"10":{"start":{"line":27,"column":37},"end":{"line":29,"column":3}},"11":{"start":{"line":28,"column":4},"end":{"line":28,"column":30}},"12":{"start":{"line":31,"column":33},"end":{"line":33,"column":3}},"13":{"start":{"line":32,"column":4},"end":{"line":32,"column":81}},"14":{"start":{"line":35,"column":27},"end":{"line":37,"column":3}},"15":{"start":{"line":36,"column":4},"end":{"line":36,"column":21}},"16":{"start":{"line":39,"column":21},"end":{"line":46,"column":3}},"17":{"start":{"line":40,"column":17},"end":{"line":40,"column":31}},"18":{"start":{"line":41,"column":4},"end":{"line":45,"column":5}},"19":{"start":{"line":42,"column":6},"end":{"line":42,"column":34}},"20":{"start":{"line":43,"column":6},"end":{"line":43,"column":38}},"21":{"start":{"line":44,"column":6},"end":{"line":44,"column":36}},"22":{"start":{"line":48,"column":2},"end":{"line":80,"column":4}},"23":{"start":{"line":85,"column":15},"end":{"line":108,"column":2}}},"fnMap":{"0":{"name":"(anonymous_0)","decl":{"start":{"line":11,"column":36},"end":{"line":11,"column":37}},"loc":{"start":{"line":11,"column":67},"end":{"line":81,"column":1}},"line":11},"1":{"name":"(anonymous_1)","decl":{"start":{"line":18,"column":12},"end":{"line":18,"column":13}},"loc":{"start":{"line":18,"column":18},"end":{"line":25,"column":3}},"line":18},"2":{"name":"(anonymous_2)","decl":{"start":{"line":19,"column":76},"end":{"line":19,"column":77}},"loc":{"start":{"line":19,"column":82},"end":{"line":21,"column":5}},"line":19},"3":{"name":"(anonymous_3)","decl":{"start":{"line":22,"column":11},"end":{"line":22,"column":12}},"loc":{"start":{"line":22,"column":17},"end":{"line":24,"column":5}},"line":22},"4":{"name":"(anonymous_4)","decl":{"start":{"line":27,"column":37},"end":{"line":27,"column":38}},"loc":{"start":{"line":27,"column":43},"end":{"line":29,"column":3}},"line":27},"5":{"name":"(anonymous_5)","decl":{"start":{"line":31,"column":33},"end":{"line":31,"column":34}},"loc":{"start":{"line":31,"column":39},"end":{"line":33,"column":3}},"line":31},"6":{"name":"(anonymous_6)","decl":{"start":{"line":35,"column":27},"end":{"line":35,"column":28}},"loc":{"start":{"line":35,"column":45},"end":{"line":37,"column":3}},"line":35},"7":{"name":"(anonymous_7)","decl":{"start":{"line":39,"column":21},"end":{"line":39,"column":22}},"loc":{"start":{"line":39,"column":27},"end":{"line":46,"column":3}},"line":39}},"branchMap":{"0":{"loc":{"start":{"line":32,"column":15},"end":{"line":32,"column":79}},"type":"cond-expr","locations":[{"start":{"line":32,"column":44},"end":{"line":32,"column":61}},{"start":{"line":32,"column":64},"end":{"line":32,"column":79}}],"line":32},"1":{"loc":{"start":{"line":41,"column":4},"end":{"line":45,"column":5}},"type":"if","locations":[{"start":{"line":41,"column":4},"end":{"line":45,"column":5}},{"start":{},"end":{}}],"line":41},"2":{"loc":{"start":{"line":63,"column":12},"end":{"line":65,"column":64}},"type":"cond-expr","locations":[{"start":{"line":64,"column":16},"end":{"line":64,"column":88}},{"start":{"line":65,"column":16},"end":{"line":65,"column":64}}],"line":63}},"s":{"0":1,"1":3,"2":3,"3":3,"4":3,"5":3,"6":1,"7":0,"8":1,"9":0,"10":3,"11":0,"12":3,"13":1,"14":3,"15":1,"16":3,"17":0,"18":0,"19":0,"20":0,"21":0,"22":3,"23":1},"f":{"0":3,"1":1,"2":0,"3":0,"4":0,"5":1,"6":1,"7":0},"b":{"0":[0,1],"1":[0,0],"2":[2,1]},"_coverageSchema":"1a1c01bbd47fc00a2c39e90264f33305004495a9","hash":"4c1a2d9c3fb81f3187f3d0c5e79e52cb8e9337a9"}
,"C:\\Users\\l1vra\\Documents\\personal\\challenges\\todolistapp\\src\\store\\globalTheme.tsx": {"path":"C:\\Users\\l1vra\\Documents\\personal\\challenges\\todolistapp\\src\\store\\globalTheme.tsx","statementMap":{"0":{"start":{"line":11,"column":21},"end":{"line":11,"column":61}},"1":{"start":{"line":13,"column":27},"end":{"line":13,"column":70}},"2":{"start":{"line":15,"column":26},"end":{"line":32,"column":1}},"3":{"start":{"line":16,"column":40},"end":{"line":16,"column":75}},"4":{"start":{"line":18,"column":22},"end":{"line":23,"column":3}},"5":{"start":{"line":19,"column":4},"end":{"line":22,"column":7}},"6":{"start":{"line":25,"column":2},"end":{"line":31,"column":4}},"7":{"start":{"line":34,"column":17},"end":{"line":36,"column":1}},"8":{"start":{"line":35,"column":2},"end":{"line":35,"column":34}},"9":{"start":{"line":38,"column":23},"end":{"line":40,"column":1}},"10":{"start":{"line":39,"column":2},"end":{"line":39,"column":40}}},"fnMap":{"0":{"name":"(anonymous_0)","decl":{"start":{"line":15,"column":26},"end":{"line":15,"column":27}},"loc":{"start":{"line":15,"column":57},"end":{"line":32,"column":1}},"line":15},"1":{"name":"(anonymous_1)","decl":{"start":{"line":18,"column":22},"end":{"line":18,"column":23}},"loc":{"start":{"line":18,"column":28},"end":{"line":23,"column":3}},"line":18},"2":{"name":"(anonymous_2)","decl":{"start":{"line":34,"column":17},"end":{"line":34,"column":18}},"loc":{"start":{"line":34,"column":23},"end":{"line":36,"column":1}},"line":34},"3":{"name":"(anonymous_3)","decl":{"start":{"line":38,"column":23},"end":{"line":38,"column":24}},"loc":{"start":{"line":38,"column":29},"end":{"line":40,"column":1}},"line":38}},"branchMap":{"0":{"loc":{"start":{"line":20,"column":13},"end":{"line":20,"column":61}},"type":"cond-expr","locations":[{"start":{"line":20,"column":35},"end":{"line":20,"column":46}},{"start":{"line":20,"column":49},"end":{"line":20,"column":61}}],"line":20}},"s":{"0":1,"1":1,"2":1,"3":0,"4":0,"5":0,"6":0,"7":1,"8":3,"9":1,"10":0},"f":{"0":0,"1":0,"2":3,"3":0},"b":{"0":[0,0]},"_coverageSchema":"1a1c01bbd47fc00a2c39e90264f33305004495a9","hash":"e46453856817c2341aae59c8679f3d4e5eadf7fc"}
,"C:\\Users\\l1vra\\Documents\\personal\\challenges\\todolistapp\\src\\utils\\index.ts": {"path":"C:\\Users\\l1vra\\Documents\\personal\\challenges\\todolistapp\\src\\utils\\index.ts","statementMap":{"0":{"start":{"line":25,"column":34},"end":{"line":28,"column":1}}},"fnMap":{},"branchMap":{},"s":{"0":2},"f":{},"b":{},"_coverageSchema":"1a1c01bbd47fc00a2c39e90264f33305004495a9","hash":"51ed14e16e37066a4e8f47ec07f72b1f23e9475e"}
,"C:\\Users\\l1vra\\Documents\\personal\\challenges\\todolistapp\\src\\utils\\constants\\dimensions.ts": {"path":"C:\\Users\\l1vra\\Documents\\personal\\challenges\\todolistapp\\src\\utils\\constants\\dimensions.ts","statementMap":{"0":{"start":{"line":3,"column":20},"end":{"line":3,"column":57}},"1":{"start":{"line":5,"column":19},"end":{"line":5,"column":57}}},"fnMap":{},"branchMap":{},"s":{"0":2,"1":2},"f":{},"b":{},"_coverageSchema":"1a1c01bbd47fc00a2c39e90264f33305004495a9","hash":"d77342f544914ed7f5d743d586fc3cb77c0f43df"}
,"C:\\Users\\l1vra\\Documents\\personal\\challenges\\todolistapp\\src\\utils\\constants\\strings.ts": {"path":"C:\\Users\\l1vra\\Documents\\personal\\challenges\\todolistapp\\src\\utils\\constants\\strings.ts","statementMap":{},"fnMap":{},"branchMap":{},"s":{},"f":{},"b":{},"_coverageSchema":"1a1c01bbd47fc00a2c39e90264f33305004495a9","hash":"c921d9962399e5e9abbd7709eb068240b9947ff0"}
,"C:\\Users\\l1vra\\Documents\\personal\\challenges\\todolistapp\\src\\utils\\constants\\theme.ts": {"path":"C:\\Users\\l1vra\\Documents\\personal\\challenges\\todolistapp\\src\\utils\\constants\\theme.ts","statementMap":{"0":{"start":{"line":1,"column":16},"end":{"line":5,"column":1}},"1":{"start":{"line":8,"column":20},"end":{"line":26,"column":1}},"2":{"start":{"line":28,"column":21},"end":{"line":46,"column":1}}},"fnMap":{},"branchMap":{},"s":{"0":2,"1":2,"2":2},"f":{},"b":{},"_coverageSchema":"1a1c01bbd47fc00a2c39e90264f33305004495a9","hash":"1ae899ca96591c345e9652be1a52e7f6f89c8678"}
,"C:\\Users\\l1vra\\Documents\\personal\\challenges\\todolistapp\\src\\utils\\constants\\types.ts": {"path":"C:\\Users\\l1vra\\Documents\\personal\\challenges\\todolistapp\\src\\utils\\constants\\types.ts","statementMap":{},"fnMap":{},"branchMap":{},"s":{},"f":{},"b":{},"_coverageSchema":"1a1c01bbd47fc00a2c39e90264f33305004495a9","hash":"0ecd94ec7621fdafba72736c716b6c5a10c8b05b"}
,"C:\\Users\\l1vra\\Documents\\personal\\challenges\\todolistapp\\src\\utils\\helpers\\filterListByItem.ts": {"path":"C:\\Users\\l1vra\\Documents\\personal\\challenges\\todolistapp\\src\\utils\\helpers\\filterListByItem.ts","statementMap":{"0":{"start":{"line":3,"column":25},"end":{"line":6,"column":1}},"1":{"start":{"line":4,"column":19},"end":{"line":4,"column":66}},"2":{"start":{"line":4,"column":45},"end":{"line":4,"column":65}},"3":{"start":{"line":5,"column":2},"end":{"line":5,"column":18}}},"fnMap":{"0":{"name":"(anonymous_0)","decl":{"start":{"line":3,"column":25},"end":{"line":3,"column":26}},"loc":{"start":{"line":3,"column":65},"end":{"line":6,"column":1}},"line":3},"1":{"name":"(anonymous_1)","decl":{"start":{"line":4,"column":37},"end":{"line":4,"column":38}},"loc":{"start":{"line":4,"column":45},"end":{"line":4,"column":65}},"line":4}},"branchMap":{},"s":{"0":2,"1":1,"2":7,"3":1},"f":{"0":1,"1":7},"b":{},"_coverageSchema":"1a1c01bbd47fc00a2c39e90264f33305004495a9","hash":"9b295e6cc97226271505672869cec488f0f8c94a"}
,"C:\\Users\\l1vra\\Documents\\personal\\challenges\\todolistapp\\src\\utils\\helpers\\findItemByText.ts": {"path":"C:\\Users\\l1vra\\Documents\\personal\\challenges\\todolistapp\\src\\utils\\helpers\\findItemByText.ts","statementMap":{"0":{"start":{"line":3,"column":23},"end":{"line":6,"column":1}},"1":{"start":{"line":4,"column":2},"end":{"line":4,"column":69}},"2":{"start":{"line":4,"column":28},"end":{"line":4,"column":51}},"3":{"start":{"line":4,"column":54},"end":{"line":4,"column":69}},"4":{"start":{"line":5,"column":2},"end":{"line":5,"column":15}}},"fnMap":{"0":{"name":"(anonymous_0)","decl":{"start":{"line":3,"column":23},"end":{"line":3,"column":24}},"loc":{"start":{"line":3,"column":73},"end":{"line":6,"column":1}},"line":3},"1":{"name":"(anonymous_1)","decl":{"start":{"line":4,"column":17},"end":{"line":4,"column":18}},"loc":{"start":{"line":4,"column":28},"end":{"line":4,"column":51}},"line":4}},"branchMap":{"0":{"loc":{"start":{"line":4,"column":2},"end":{"line":4,"column":69}},"type":"if","locations":[{"start":{"line":4,"column":2},"end":{"line":4,"column":69}},{"start":{},"end":{}}],"line":4}},"s":{"0":2,"1":0,"2":0,"3":0,"4":0},"f":{"0":0,"1":0},"b":{"0":[0,0]},"_coverageSchema":"1a1c01bbd47fc00a2c39e90264f33305004495a9","hash":"7b033c6b0a61be81dfad0d24a41526b385309ddf"}
,"C:\\Users\\l1vra\\Documents\\personal\\challenges\\todolistapp\\src\\utils\\helpers\\modifyItemType.ts": {"path":"C:\\Users\\l1vra\\Documents\\personal\\challenges\\todolistapp\\src\\utils\\helpers\\modifyItemType.ts","statementMap":{"0":{"start":{"line":3,"column":23},"end":{"line":9,"column":1}},"1":{"start":{"line":4,"column":19},"end":{"line":4,"column":29}},"2":{"start":{"line":5,"column":16},"end":{"line":5,"column":64}},"3":{"start":{"line":5,"column":43},"end":{"line":5,"column":63}},"4":{"start":{"line":6,"column":18},"end":{"line":6,"column":80}},"5":{"start":{"line":7,"column":2},"end":{"line":7,"column":61}},"6":{"start":{"line":8,"column":2},"end":{"line":8,"column":18}}},"fnMap":{"0":{"name":"(anonymous_0)","decl":{"start":{"line":3,"column":23},"end":{"line":3,"column":24}},"loc":{"start":{"line":3,"column":63},"end":{"line":9,"column":1}},"line":3},"1":{"name":"(anonymous_1)","decl":{"start":{"line":5,"column":35},"end":{"line":5,"column":36}},"loc":{"start":{"line":5,"column":43},"end":{"line":5,"column":63}},"line":5}},"branchMap":{"0":{"loc":{"start":{"line":6,"column":18},"end":{"line":6,"column":80}},"type":"cond-expr","locations":[{"start":{"line":6,"column":57},"end":{"line":6,"column":68}},{"start":{"line":6,"column":71},"end":{"line":6,"column":80}}],"line":6}},"s":{"0":2,"1":0,"2":0,"3":0,"4":0,"5":0,"6":0},"f":{"0":0,"1":0},"b":{"0":[0,0]},"_coverageSchema":"1a1c01bbd47fc00a2c39e90264f33305004495a9","hash":"e6a2a6befa723dfa458faa6a8f66aba655bf5410"}
}
