{"C:\\Users\\l1vra\\Documents\\personal\\challenges\\todolistapp\\src\\utils\\index.ts": {"path":"C:\\Users\\l1vra\\Documents\\personal\\challenges\\todolistapp\\src\\utils\\index.ts","statementMap":{"0":{"start":{"line":25,"column":34},"end":{"line":28,"column":1}}},"fnMap":{},"branchMap":{},"s":{"0":1},"f":{},"b":{},"_coverageSchema":"1a1c01bbd47fc00a2c39e90264f33305004495a9","hash":"51ed14e16e37066a4e8f47ec07f72b1f23e9475e"}
,"C:\\Users\\l1vra\\Documents\\personal\\challenges\\todolistapp\\src\\utils\\constants\\dimensions.ts": {"path":"C:\\Users\\l1vra\\Documents\\personal\\challenges\\todolistapp\\src\\utils\\constants\\dimensions.ts","statementMap":{"0":{"start":{"line":3,"column":20},"end":{"line":3,"column":57}},"1":{"start":{"line":5,"column":19},"end":{"line":5,"column":57}}},"fnMap":{},"branchMap":{},"s":{"0":1,"1":1},"f":{},"b":{},"_coverageSchema":"1a1c01bbd47fc00a2c39e90264f33305004495a9","hash":"d77342f544914ed7f5d743d586fc3cb77c0f43df"}
,"C:\\Users\\l1vra\\Documents\\personal\\challenges\\todolistapp\\src\\utils\\constants\\strings.ts": {"path":"C:\\Users\\l1vra\\Documents\\personal\\challenges\\todolistapp\\src\\utils\\constants\\strings.ts","statementMap":{},"fnMap":{},"branchMap":{},"s":{},"f":{},"b":{},"_coverageSchema":"1a1c01bbd47fc00a2c39e90264f33305004495a9","hash":"c921d9962399e5e9abbd7709eb068240b9947ff0"}
,"C:\\Users\\l1vra\\Documents\\personal\\challenges\\todolistapp\\src\\utils\\constants\\theme.ts": {"path":"C:\\Users\\l1vra\\Documents\\personal\\challenges\\todolistapp\\src\\utils\\constants\\theme.ts","statementMap":{"0":{"start":{"line":1,"column":16},"end":{"line":6,"column":1}},"1":{"start":{"line":9,"column":20},"end":{"line":26,"column":1}},"2":{"start":{"line":28,"column":21},"end":{"line":45,"column":1}}},"fnMap":{},"branchMap":{},"s":{"0":1,"1":1,"2":1},"f":{},"b":{},"_coverageSchema":"1a1c01bbd47fc00a2c39e90264f33305004495a9","hash":"e674d36a919f17e8898f2d8a764b601ab71795ab"}
,"C:\\Users\\l1vra\\Documents\\personal\\challenges\\todolistapp\\src\\utils\\constants\\types.ts": {"path":"C:\\Users\\l1vra\\Documents\\personal\\challenges\\todolistapp\\src\\utils\\constants\\types.ts","statementMap":{},"fnMap":{},"branchMap":{},"s":{},"f":{},"b":{},"_coverageSchema":"1a1c01bbd47fc00a2c39e90264f33305004495a9","hash":"0ecd94ec7621fdafba72736c716b6c5a10c8b05b"}
,"C:\\Users\\l1vra\\Documents\\personal\\challenges\\todolistapp\\src\\utils\\helpers\\filterListByItem.ts": {"path":"C:\\Users\\l1vra\\Documents\\personal\\challenges\\todolistapp\\src\\utils\\helpers\\filterListByItem.ts","statementMap":{"0":{"start":{"line":3,"column":25},"end":{"line":6,"column":1}},"1":{"start":{"line":4,"column":19},"end":{"line":4,"column":66}},"2":{"start":{"line":4,"column":45},"end":{"line":4,"column":65}},"3":{"start":{"line":5,"column":2},"end":{"line":5,"column":18}}},"fnMap":{"0":{"name":"(anonymous_0)","decl":{"start":{"line":3,"column":25},"end":{"line":3,"column":26}},"loc":{"start":{"line":3,"column":65},"end":{"line":6,"column":1}},"line":3},"1":{"name":"(anonymous_1)","decl":{"start":{"line":4,"column":37},"end":{"line":4,"column":38}},"loc":{"start":{"line":4,"column":45},"end":{"line":4,"column":65}},"line":4}},"branchMap":{},"s":{"0":1,"1":1,"2":7,"3":1},"f":{"0":1,"1":7},"b":{},"_coverageSchema":"1a1c01bbd47fc00a2c39e90264f33305004495a9","hash":"9b295e6cc97226271505672869cec488f0f8c94a"}
,"C:\\Users\\l1vra\\Documents\\personal\\challenges\\todolistapp\\src\\utils\\helpers\\findItemByText.ts": {"path":"C:\\Users\\l1vra\\Documents\\personal\\challenges\\todolistapp\\src\\utils\\helpers\\findItemByText.ts","statementMap":{"0":{"start":{"line":3,"column":23},"end":{"line":6,"column":1}},"1":{"start":{"line":4,"column":2},"end":{"line":4,"column":69}},"2":{"start":{"line":4,"column":28},"end":{"line":4,"column":51}},"3":{"start":{"line":4,"column":54},"end":{"line":4,"column":69}},"4":{"start":{"line":5,"column":2},"end":{"line":5,"column":15}}},"fnMap":{"0":{"name":"(anonymous_0)","decl":{"start":{"line":3,"column":23},"end":{"line":3,"column":24}},"loc":{"start":{"line":3,"column":73},"end":{"line":6,"column":1}},"line":3},"1":{"name":"(anonymous_1)","decl":{"start":{"line":4,"column":17},"end":{"line":4,"column":18}},"loc":{"start":{"line":4,"column":28},"end":{"line":4,"column":51}},"line":4}},"branchMap":{"0":{"loc":{"start":{"line":4,"column":2},"end":{"line":4,"column":69}},"type":"if","locations":[{"start":{"line":4,"column":2},"end":{"line":4,"column":69}},{"start":{},"end":{}}],"line":4}},"s":{"0":1,"1":0,"2":0,"3":0,"4":0},"f":{"0":0,"1":0},"b":{"0":[0,0]},"_coverageSchema":"1a1c01bbd47fc00a2c39e90264f33305004495a9","hash":"7b033c6b0a61be81dfad0d24a41526b385309ddf"}
,"C:\\Users\\l1vra\\Documents\\personal\\challenges\\todolistapp\\src\\utils\\helpers\\modifyItemType.ts": {"path":"C:\\Users\\l1vra\\Documents\\personal\\challenges\\todolistapp\\src\\utils\\helpers\\modifyItemType.ts","statementMap":{"0":{"start":{"line":3,"column":23},"end":{"line":9,"column":1}},"1":{"start":{"line":4,"column":19},"end":{"line":4,"column":29}},"2":{"start":{"line":5,"column":16},"end":{"line":5,"column":64}},"3":{"start":{"line":5,"column":43},"end":{"line":5,"column":63}},"4":{"start":{"line":6,"column":18},"end":{"line":6,"column":80}},"5":{"start":{"line":7,"column":2},"end":{"line":7,"column":61}},"6":{"start":{"line":8,"column":2},"end":{"line":8,"column":18}}},"fnMap":{"0":{"name":"(anonymous_0)","decl":{"start":{"line":3,"column":23},"end":{"line":3,"column":24}},"loc":{"start":{"line":3,"column":63},"end":{"line":9,"column":1}},"line":3},"1":{"name":"(anonymous_1)","decl":{"start":{"line":5,"column":35},"end":{"line":5,"column":36}},"loc":{"start":{"line":5,"column":43},"end":{"line":5,"column":63}},"line":5}},"branchMap":{"0":{"loc":{"start":{"line":6,"column":18},"end":{"line":6,"column":80}},"type":"cond-expr","locations":[{"start":{"line":6,"column":57},"end":{"line":6,"column":68}},{"start":{"line":6,"column":71},"end":{"line":6,"column":80}}],"line":6}},"s":{"0":1,"1":0,"2":0,"3":0,"4":0,"5":0,"6":0},"f":{"0":0,"1":0},"b":{"0":[0,0]},"_coverageSchema":"1a1c01bbd47fc00a2c39e90264f33305004495a9","hash":"e6a2a6befa723dfa458faa6a8f66aba655bf5410"}
}
